{
  "mode": "development",
  "devtool": "cheap-module-source-map",
  "entry": [
    "/Users/mitchconquer/Projects/sfdc-logins/node_modules/react-dev-utils/webpackHotDevClient.js",
    "/Users/mitchconquer/Projects/sfdc-logins/src/index.js"
  ],
  "output": {
    "pathinfo": true,
    "filename": "static/js/bundle.js",
    "chunkFilename": "static/js/[name].chunk.js",
    "publicPath": "/"
  },
  "optimization": {
    "splitChunks": {
      "chunks": "all",
      "name": false
    },
    "runtimeChunk": true
  },
  "resolve": {
    "modules": [
      "node_modules"
    ],
    "extensions": [
      ".web.mjs",
      ".mjs",
      ".web.js",
      ".js",
      ".json",
      ".web.jsx",
      ".jsx"
    ],
    "alias": {
      "react-native": "react-native-web"
    },
    "plugins": [
      {
        "topLevelLoader": {}
      },
      {
        "appSrcs": [
          "/Users/mitchconquer/Projects/sfdc-logins/src"
        ],
        "allowedFiles": {}
      }
    ]
  },
  "resolveLoader": {
    "plugins": [
      {}
    ]
  },
  "module": {
    "strictExportPresence": true,
    "rules": [
      {
        "parser": {
          "requireEnsure": false
        }
      },
      {
        "test": {},
        "enforce": "pre",
        "use": [
          {
            "options": {
              "formatter": "/Users/mitchconquer/Projects/sfdc-logins/node_modules/react-dev-utils/eslintFormatter.js",
              "eslintPath": "/Users/mitchconquer/Projects/sfdc-logins/node_modules/eslint/lib/api.js"
            },
            "loader": "/Users/mitchconquer/Projects/sfdc-logins/node_modules/eslint-loader/index.js"
          }
        ],
        "include": "/Users/mitchconquer/Projects/sfdc-logins/src"
      },
      {
        "oneOf": [
          {
            "test": [
              {},
              {},
              {},
              {}
            ],
            "loader": "/Users/mitchconquer/Projects/sfdc-logins/node_modules/url-loader/dist/cjs.js",
            "options": {
              "limit": 10000,
              "name": "static/media/[name].[hash:8].[ext]"
            }
          },
          {
            "test": {},
            "include": "/Users/mitchconquer/Projects/sfdc-logins/src",
            "loader": "/Users/mitchconquer/Projects/sfdc-logins/node_modules/babel-loader/lib/index.js",
            "options": {
              "customize": "/Users/mitchconquer/Projects/sfdc-logins/node_modules/babel-preset-react-app/webpack-overrides.js",
              "plugins": [
                [
                  "/Users/mitchconquer/Projects/sfdc-logins/node_modules/babel-plugin-named-asset-import/index.js",
                  {
                    "loaderMap": {
                      "svg": {
                        "ReactComponent": "@svgr/webpack?-prettier,-svgo![path]"
                      }
                    }
                  }
                ]
              ],
              "cacheDirectory": true,
              "cacheCompression": false
            }
          },
          {
            "test": {},
            "exclude": {},
            "loader": "/Users/mitchconquer/Projects/sfdc-logins/node_modules/babel-loader/lib/index.js",
            "options": {
              "babelrc": false,
              "configFile": false,
              "compact": false,
              "presets": [
                [
                  "/Users/mitchconquer/Projects/sfdc-logins/node_modules/babel-preset-react-app/dependencies.js",
                  {
                    "helpers": true
                  }
                ]
              ],
              "cacheDirectory": true,
              "cacheCompression": false,
              "sourceMaps": false
            }
          },
          {
            "test": {},
            "exclude": {},
            "use": [
              "/Users/mitchconquer/Projects/sfdc-logins/node_modules/style-loader/index.js",
              {
                "loader": "/Users/mitchconquer/Projects/sfdc-logins/node_modules/css-loader/index.js",
                "options": {
                  "importLoaders": 1
                }
              },
              {
                "loader": "/Users/mitchconquer/Projects/sfdc-logins/node_modules/postcss-loader/src/index.js",
                "options": {
                  "ident": "postcss"
                }
              }
            ]
          },
          {
            "test": {},
            "use": [
              "/Users/mitchconquer/Projects/sfdc-logins/node_modules/style-loader/index.js",
              {
                "loader": "/Users/mitchconquer/Projects/sfdc-logins/node_modules/css-loader/index.js",
                "options": {
                  "importLoaders": 1,
                  "modules": true
                }
              },
              {
                "loader": "/Users/mitchconquer/Projects/sfdc-logins/node_modules/postcss-loader/src/index.js",
                "options": {
                  "ident": "postcss"
                }
              }
            ]
          },
          {
            "test": {},
            "exclude": {},
            "use": [
              "/Users/mitchconquer/Projects/sfdc-logins/node_modules/style-loader/index.js",
              {
                "loader": "/Users/mitchconquer/Projects/sfdc-logins/node_modules/css-loader/index.js",
                "options": {
                  "importLoaders": 2
                }
              },
              {
                "loader": "/Users/mitchconquer/Projects/sfdc-logins/node_modules/postcss-loader/src/index.js",
                "options": {
                  "ident": "postcss"
                }
              },
              "/Users/mitchconquer/Projects/sfdc-logins/node_modules/sass-loader/lib/loader.js"
            ]
          },
          {
            "test": {},
            "use": [
              "/Users/mitchconquer/Projects/sfdc-logins/node_modules/style-loader/index.js",
              {
                "loader": "/Users/mitchconquer/Projects/sfdc-logins/node_modules/css-loader/index.js",
                "options": {
                  "importLoaders": 2,
                  "modules": true
                }
              },
              {
                "loader": "/Users/mitchconquer/Projects/sfdc-logins/node_modules/postcss-loader/src/index.js",
                "options": {
                  "ident": "postcss"
                }
              },
              "/Users/mitchconquer/Projects/sfdc-logins/node_modules/sass-loader/lib/loader.js"
            ]
          },
          {
            "exclude": [
              {},
              {},
              {}
            ],
            "loader": "/Users/mitchconquer/Projects/sfdc-logins/node_modules/file-loader/dist/cjs.js",
            "options": {
              "name": "static/media/[name].[hash:8].[ext]"
            }
          }
        ]
      }
    ]
  },
  "plugins": [
    {
      "options": {
        "template": "/Users/mitchconquer/Projects/sfdc-logins/public/index.html",
        "templateContent": false,
        "filename": "index.html",
        "hash": false,
        "inject": true,
        "compile": true,
        "favicon": false,
        "minify": false,
        "cache": true,
        "showErrors": true,
        "chunks": "all",
        "excludeChunks": [],
        "chunksSortMode": "auto",
        "meta": {},
        "title": "Webpack App",
        "xhtml": false
      },
      "version": 4
    },
    {
      "replacements": {
        "NODE_ENV": "development",
        "PUBLIC_URL": ""
      }
    },
    {
      "appPath": "/Users/mitchconquer/Projects/sfdc-logins"
    },
    {
      "definitions": {
        "process.env": {
          "NODE_ENV": "\"development\"",
          "PUBLIC_URL": "\"\""
        }
      }
    },
    {
      "options": {},
      "fullBuildTimeout": 200,
      "requestTimeout": 10000
    },
    {
      "options": {},
      "pathCache": {},
      "fsOperations": 0,
      "primed": false
    },
    {
      "nodeModulesPath": "/Users/mitchconquer/Projects/sfdc-logins/node_modules"
    },
    {
      "options": {
        "resourceRegExp": {},
        "contextRegExp": {}
      }
    },
    {
      "opts": {
        "publicPath": "/",
        "basePath": "",
        "fileName": "asset-manifest.json",
        "transformExtensions": {},
        "writeToFileEmit": false,
        "seed": null,
        "filter": null,
        "map": null,
        "generate": null,
        "sort": null
      }
    }
  ],
  "node": {
    "dgram": "empty",
    "fs": "empty",
    "net": "empty",
    "tls": "empty",
    "child_process": "empty"
  },
  "performance": false,
  "target": "node-webkit",
  "externals": {
    ".cache": "commonjs .cache",
    ".yarn-integrity": "commonjs .yarn-integrity",
    "@babel": "commonjs @babel",
    "@csstools": "commonjs @csstools",
    "@mrmlnc": "commonjs @mrmlnc",
    "@nodelib": "commonjs @nodelib",
    "@svgr": "commonjs @svgr",
    "@types": "commonjs @types",
    "@webassemblyjs": "commonjs @webassemblyjs",
    "@xtuc": "commonjs @xtuc",
    "abab": "commonjs abab",
    "abbrev": "commonjs abbrev",
    "accepts": "commonjs accepts",
    "acorn": "commonjs acorn",
    "acorn-dynamic-import": "commonjs acorn-dynamic-import",
    "acorn-globals": "commonjs acorn-globals",
    "acorn-jsx": "commonjs acorn-jsx",
    "acorn-walk": "commonjs acorn-walk",
    "address": "commonjs address",
    "ajv": "commonjs ajv",
    "ajv-errors": "commonjs ajv-errors",
    "ajv-keywords": "commonjs ajv-keywords",
    "alphanum-sort": "commonjs alphanum-sort",
    "ansi-align": "commonjs ansi-align",
    "ansi-colors": "commonjs ansi-colors",
    "ansi-escapes": "commonjs ansi-escapes",
    "ansi-html": "commonjs ansi-html",
    "ansi-regex": "commonjs ansi-regex",
    "ansi-styles": "commonjs ansi-styles",
    "any-promise": "commonjs any-promise",
    "anymatch": "commonjs anymatch",
    "append-transform": "commonjs append-transform",
    "aproba": "commonjs aproba",
    "archiver": "commonjs archiver",
    "archiver-utils": "commonjs archiver-utils",
    "are-we-there-yet": "commonjs are-we-there-yet",
    "argparse": "commonjs argparse",
    "aria-query": "commonjs aria-query",
    "arr-diff": "commonjs arr-diff",
    "arr-flatten": "commonjs arr-flatten",
    "arr-union": "commonjs arr-union",
    "array-equal": "commonjs array-equal",
    "array-filter": "commonjs array-filter",
    "array-flatten": "commonjs array-flatten",
    "array-includes": "commonjs array-includes",
    "array-map": "commonjs array-map",
    "array-reduce": "commonjs array-reduce",
    "array-union": "commonjs array-union",
    "array-uniq": "commonjs array-uniq",
    "array-unique": "commonjs array-unique",
    "arrify": "commonjs arrify",
    "asap": "commonjs asap",
    "asn1": "commonjs asn1",
    "asn1.js": "commonjs asn1.js",
    "assert": "commonjs assert",
    "assert-plus": "commonjs assert-plus",
    "assign-symbols": "commonjs assign-symbols",
    "ast-types-flow": "commonjs ast-types-flow",
    "astral-regex": "commonjs astral-regex",
    "async": "commonjs async",
    "async-each": "commonjs async-each",
    "async-limiter": "commonjs async-limiter",
    "asynckit": "commonjs asynckit",
    "atob": "commonjs atob",
    "autoprefixer": "commonjs autoprefixer",
    "aws-sign2": "commonjs aws-sign2",
    "aws4": "commonjs aws4",
    "axobject-query": "commonjs axobject-query",
    "babel-code-frame": "commonjs babel-code-frame",
    "babel-core": "commonjs babel-core",
    "babel-eslint": "commonjs babel-eslint",
    "babel-extract-comments": "commonjs babel-extract-comments",
    "babel-generator": "commonjs babel-generator",
    "babel-helpers": "commonjs babel-helpers",
    "babel-jest": "commonjs babel-jest",
    "babel-loader": "commonjs babel-loader",
    "babel-messages": "commonjs babel-messages",
    "babel-plugin-dynamic-import-node": "commonjs babel-plugin-dynamic-import-node",
    "babel-plugin-istanbul": "commonjs babel-plugin-istanbul",
    "babel-plugin-jest-hoist": "commonjs babel-plugin-jest-hoist",
    "babel-plugin-macros": "commonjs babel-plugin-macros",
    "babel-plugin-named-asset-import": "commonjs babel-plugin-named-asset-import",
    "babel-plugin-syntax-object-rest-spread": "commonjs babel-plugin-syntax-object-rest-spread",
    "babel-plugin-transform-object-rest-spread": "commonjs babel-plugin-transform-object-rest-spread",
    "babel-plugin-transform-react-remove-prop-types": "commonjs babel-plugin-transform-react-remove-prop-types",
    "babel-preset-jest": "commonjs babel-preset-jest",
    "babel-preset-react-app": "commonjs babel-preset-react-app",
    "babel-register": "commonjs babel-register",
    "babel-runtime": "commonjs babel-runtime",
    "babel-template": "commonjs babel-template",
    "babel-traverse": "commonjs babel-traverse",
    "babel-types": "commonjs babel-types",
    "babylon": "commonjs babylon",
    "balanced-match": "commonjs balanced-match",
    "base": "commonjs base",
    "base64-js": "commonjs base64-js",
    "batch": "commonjs batch",
    "bcrypt-pbkdf": "commonjs bcrypt-pbkdf",
    "bfj": "commonjs bfj",
    "big.js": "commonjs big.js",
    "binary-extensions": "commonjs binary-extensions",
    "bl": "commonjs bl",
    "bluebird": "commonjs bluebird",
    "bn.js": "commonjs bn.js",
    "body-parser": "commonjs body-parser",
    "bonjour": "commonjs bonjour",
    "boolbase": "commonjs boolbase",
    "boom": "commonjs boom",
    "boxen": "commonjs boxen",
    "brace-expansion": "commonjs brace-expansion",
    "braces": "commonjs braces",
    "brorand": "commonjs brorand",
    "browser-process-hrtime": "commonjs browser-process-hrtime",
    "browser-resolve": "commonjs browser-resolve",
    "browserify-aes": "commonjs browserify-aes",
    "browserify-cipher": "commonjs browserify-cipher",
    "browserify-des": "commonjs browserify-des",
    "browserify-rsa": "commonjs browserify-rsa",
    "browserify-sign": "commonjs browserify-sign",
    "browserify-zlib": "commonjs browserify-zlib",
    "browserslist": "commonjs browserslist",
    "bser": "commonjs bser",
    "buffer": "commonjs buffer",
    "buffer-alloc": "commonjs buffer-alloc",
    "buffer-alloc-unsafe": "commonjs buffer-alloc-unsafe",
    "buffer-crc32": "commonjs buffer-crc32",
    "buffer-fill": "commonjs buffer-fill",
    "buffer-from": "commonjs buffer-from",
    "buffer-indexof": "commonjs buffer-indexof",
    "buffer-xor": "commonjs buffer-xor",
    "builtin-modules": "commonjs builtin-modules",
    "builtin-status-codes": "commonjs builtin-status-codes",
    "bytes": "commonjs bytes",
    "cacache": "commonjs cacache",
    "cache-base": "commonjs cache-base",
    "call-me-maybe": "commonjs call-me-maybe",
    "caller-path": "commonjs caller-path",
    "callsites": "commonjs callsites",
    "camel-case": "commonjs camel-case",
    "camelcase": "commonjs camelcase",
    "caniuse-api": "commonjs caniuse-api",
    "caniuse-lite": "commonjs caniuse-lite",
    "capture-exit": "commonjs capture-exit",
    "capture-stack-trace": "commonjs capture-stack-trace",
    "case-sensitive-paths-webpack-plugin": "commonjs case-sensitive-paths-webpack-plugin",
    "caseless": "commonjs caseless",
    "chalk": "commonjs chalk",
    "chardet": "commonjs chardet",
    "check-types": "commonjs check-types",
    "chokidar": "commonjs chokidar",
    "chownr": "commonjs chownr",
    "chrome-trace-event": "commonjs chrome-trace-event",
    "ci-info": "commonjs ci-info",
    "cipher-base": "commonjs cipher-base",
    "circular-json": "commonjs circular-json",
    "class-utils": "commonjs class-utils",
    "clean-css": "commonjs clean-css",
    "cli-boxes": "commonjs cli-boxes",
    "cli-cursor": "commonjs cli-cursor",
    "cli-width": "commonjs cli-width",
    "cliui": "commonjs cliui",
    "clone-deep": "commonjs clone-deep",
    "co": "commonjs co",
    "coa": "commonjs coa",
    "code-point-at": "commonjs code-point-at",
    "collection-visit": "commonjs collection-visit",
    "color": "commonjs color",
    "color-convert": "commonjs color-convert",
    "color-name": "commonjs color-name",
    "color-string": "commonjs color-string",
    "colors": "commonjs colors",
    "combined-stream": "commonjs combined-stream",
    "commander": "commonjs commander",
    "common-tags": "commonjs common-tags",
    "commondir": "commonjs commondir",
    "component-emitter": "commonjs component-emitter",
    "compress-commons": "commonjs compress-commons",
    "compressible": "commonjs compressible",
    "compression": "commonjs compression",
    "concat-map": "commonjs concat-map",
    "concat-stream": "commonjs concat-stream",
    "configstore": "commonjs configstore",
    "confusing-browser-globals": "commonjs confusing-browser-globals",
    "connect-history-api-fallback": "commonjs connect-history-api-fallback",
    "console-browserify": "commonjs console-browserify",
    "console-control-strings": "commonjs console-control-strings",
    "constants-browserify": "commonjs constants-browserify",
    "contains-path": "commonjs contains-path",
    "content-disposition": "commonjs content-disposition",
    "content-type": "commonjs content-type",
    "convert-source-map": "commonjs convert-source-map",
    "cookie": "commonjs cookie",
    "cookie-signature": "commonjs cookie-signature",
    "copy-concurrently": "commonjs copy-concurrently",
    "copy-descriptor": "commonjs copy-descriptor",
    "core-js": "commonjs core-js",
    "core-util-is": "commonjs core-util-is",
    "cosmiconfig": "commonjs cosmiconfig",
    "crc": "commonjs crc",
    "crc32-stream": "commonjs crc32-stream",
    "create-ecdh": "commonjs create-ecdh",
    "create-error-class": "commonjs create-error-class",
    "create-hash": "commonjs create-hash",
    "create-hmac": "commonjs create-hmac",
    "cross-spawn": "commonjs cross-spawn",
    "cryptiles": "commonjs cryptiles",
    "crypto-browserify": "commonjs crypto-browserify",
    "crypto-random-string": "commonjs crypto-random-string",
    "css-color-names": "commonjs css-color-names",
    "css-declaration-sorter": "commonjs css-declaration-sorter",
    "css-loader": "commonjs css-loader",
    "css-select": "commonjs css-select",
    "css-select-base-adapter": "commonjs css-select-base-adapter",
    "css-selector-tokenizer": "commonjs css-selector-tokenizer",
    "css-tree": "commonjs css-tree",
    "css-unit-converter": "commonjs css-unit-converter",
    "css-url-regex": "commonjs css-url-regex",
    "css-what": "commonjs css-what",
    "cssdb": "commonjs cssdb",
    "cssesc": "commonjs cssesc",
    "cssnano": "commonjs cssnano",
    "cssnano-preset-default": "commonjs cssnano-preset-default",
    "cssnano-util-get-arguments": "commonjs cssnano-util-get-arguments",
    "cssnano-util-get-match": "commonjs cssnano-util-get-match",
    "cssnano-util-raw-cache": "commonjs cssnano-util-raw-cache",
    "cssnano-util-same-parent": "commonjs cssnano-util-same-parent",
    "csso": "commonjs csso",
    "cssom": "commonjs cssom",
    "cssstyle": "commonjs cssstyle",
    "cyclist": "commonjs cyclist",
    "damerau-levenshtein": "commonjs damerau-levenshtein",
    "dashdash": "commonjs dashdash",
    "data-urls": "commonjs data-urls",
    "date-now": "commonjs date-now",
    "debug": "commonjs debug",
    "decamelize": "commonjs decamelize",
    "decode-uri-component": "commonjs decode-uri-component",
    "deep-equal": "commonjs deep-equal",
    "deep-extend": "commonjs deep-extend",
    "deep-is": "commonjs deep-is",
    "default-gateway": "commonjs default-gateway",
    "default-require-extensions": "commonjs default-require-extensions",
    "define-properties": "commonjs define-properties",
    "define-property": "commonjs define-property",
    "del": "commonjs del",
    "delayed-stream": "commonjs delayed-stream",
    "delegates": "commonjs delegates",
    "depd": "commonjs depd",
    "deprecate": "commonjs deprecate",
    "des.js": "commonjs des.js",
    "destroy": "commonjs destroy",
    "detect-indent": "commonjs detect-indent",
    "detect-libc": "commonjs detect-libc",
    "detect-newline": "commonjs detect-newline",
    "detect-node": "commonjs detect-node",
    "detect-port-alt": "commonjs detect-port-alt",
    "diff": "commonjs diff",
    "diffie-hellman": "commonjs diffie-hellman",
    "dir-glob": "commonjs dir-glob",
    "dns-equal": "commonjs dns-equal",
    "dns-packet": "commonjs dns-packet",
    "dns-txt": "commonjs dns-txt",
    "doctrine": "commonjs doctrine",
    "dom-converter": "commonjs dom-converter",
    "dom-serializer": "commonjs dom-serializer",
    "domain-browser": "commonjs domain-browser",
    "domelementtype": "commonjs domelementtype",
    "domexception": "commonjs domexception",
    "domhandler": "commonjs domhandler",
    "domutils": "commonjs domutils",
    "dot-prop": "commonjs dot-prop",
    "dotenv": "commonjs dotenv",
    "dotenv-expand": "commonjs dotenv-expand",
    "duplexer": "commonjs duplexer",
    "duplexer3": "commonjs duplexer3",
    "duplexify": "commonjs duplexify",
    "ecc-jsbn": "commonjs ecc-jsbn",
    "ee-first": "commonjs ee-first",
    "electron-to-chromium": "commonjs electron-to-chromium",
    "elliptic": "commonjs elliptic",
    "emoji-regex": "commonjs emoji-regex",
    "emojis-list": "commonjs emojis-list",
    "encodeurl": "commonjs encodeurl",
    "end-of-stream": "commonjs end-of-stream",
    "enhanced-resolve": "commonjs enhanced-resolve",
    "entities": "commonjs entities",
    "errno": "commonjs errno",
    "error-ex": "commonjs error-ex",
    "es-abstract": "commonjs es-abstract",
    "es-to-primitive": "commonjs es-to-primitive",
    "escape-html": "commonjs escape-html",
    "escape-string-regexp": "commonjs escape-string-regexp",
    "escodegen": "commonjs escodegen",
    "eslint": "commonjs eslint",
    "eslint-config-nw-react-app": "commonjs eslint-config-nw-react-app",
    "eslint-import-resolver-node": "commonjs eslint-import-resolver-node",
    "eslint-loader": "commonjs eslint-loader",
    "eslint-module-utils": "commonjs eslint-module-utils",
    "eslint-plugin-flowtype": "commonjs eslint-plugin-flowtype",
    "eslint-plugin-import": "commonjs eslint-plugin-import",
    "eslint-plugin-jsx-a11y": "commonjs eslint-plugin-jsx-a11y",
    "eslint-plugin-react": "commonjs eslint-plugin-react",
    "eslint-scope": "commonjs eslint-scope",
    "eslint-utils": "commonjs eslint-utils",
    "eslint-visitor-keys": "commonjs eslint-visitor-keys",
    "espree": "commonjs espree",
    "esprima": "commonjs esprima",
    "esquery": "commonjs esquery",
    "esrecurse": "commonjs esrecurse",
    "estraverse": "commonjs estraverse",
    "esutils": "commonjs esutils",
    "etag": "commonjs etag",
    "eventemitter3": "commonjs eventemitter3",
    "events": "commonjs events",
    "eventsource": "commonjs eventsource",
    "evp_bytestokey": "commonjs evp_bytestokey",
    "exec-sh": "commonjs exec-sh",
    "execa": "commonjs execa",
    "exit": "commonjs exit",
    "expand-brackets": "commonjs expand-brackets",
    "expand-range": "commonjs expand-range",
    "expand-tilde": "commonjs expand-tilde",
    "expect": "commonjs expect",
    "express": "commonjs express",
    "extend": "commonjs extend",
    "extend-shallow": "commonjs extend-shallow",
    "external-editor": "commonjs external-editor",
    "extglob": "commonjs extglob",
    "extract-zip": "commonjs extract-zip",
    "extsprintf": "commonjs extsprintf",
    "fast-deep-equal": "commonjs fast-deep-equal",
    "fast-glob": "commonjs fast-glob",
    "fast-json-stable-stringify": "commonjs fast-json-stable-stringify",
    "fast-levenshtein": "commonjs fast-levenshtein",
    "fastparse": "commonjs fastparse",
    "faye-websocket": "commonjs faye-websocket",
    "fb-watchman": "commonjs fb-watchman",
    "fd-slicer": "commonjs fd-slicer",
    "figgy-pudding": "commonjs figgy-pudding",
    "figures": "commonjs figures",
    "file-entry-cache": "commonjs file-entry-cache",
    "file-loader": "commonjs file-loader",
    "filename-regex": "commonjs filename-regex",
    "fileset": "commonjs fileset",
    "filesize": "commonjs filesize",
    "fill-keys": "commonjs fill-keys",
    "fill-range": "commonjs fill-range",
    "finalhandler": "commonjs finalhandler",
    "find-cache-dir": "commonjs find-cache-dir",
    "find-up": "commonjs find-up",
    "flat-cache": "commonjs flat-cache",
    "flatten": "commonjs flatten",
    "flush-write-stream": "commonjs flush-write-stream",
    "follow-redirects": "commonjs follow-redirects",
    "for-in": "commonjs for-in",
    "for-own": "commonjs for-own",
    "forever-agent": "commonjs forever-agent",
    "fork-ts-checker-webpack-plugin-alt": "commonjs fork-ts-checker-webpack-plugin-alt",
    "form-data": "commonjs form-data",
    "forwarded": "commonjs forwarded",
    "fragment-cache": "commonjs fragment-cache",
    "fresh": "commonjs fresh",
    "from2": "commonjs from2",
    "fs-constants": "commonjs fs-constants",
    "fs-extra": "commonjs fs-extra",
    "fs-minipass": "commonjs fs-minipass",
    "fs-write-stream-atomic": "commonjs fs-write-stream-atomic",
    "fs.realpath": "commonjs fs.realpath",
    "fsevents": "commonjs fsevents",
    "function-bind": "commonjs function-bind",
    "functional-red-black-tree": "commonjs functional-red-black-tree",
    "gauge": "commonjs gauge",
    "get-caller-file": "commonjs get-caller-file",
    "get-own-enumerable-property-symbols": "commonjs get-own-enumerable-property-symbols",
    "get-stream": "commonjs get-stream",
    "get-value": "commonjs get-value",
    "getpass": "commonjs getpass",
    "glob": "commonjs glob",
    "glob-base": "commonjs glob-base",
    "glob-parent": "commonjs glob-parent",
    "glob-to-regexp": "commonjs glob-to-regexp",
    "global-dirs": "commonjs global-dirs",
    "global-modules": "commonjs global-modules",
    "global-prefix": "commonjs global-prefix",
    "globals": "commonjs globals",
    "globby": "commonjs globby",
    "got": "commonjs got",
    "graceful-fs": "commonjs graceful-fs",
    "graceful-fs-extra": "commonjs graceful-fs-extra",
    "graceful-ncp": "commonjs graceful-ncp",
    "growly": "commonjs growly",
    "gzip-size": "commonjs gzip-size",
    "h2x-core": "commonjs h2x-core",
    "h2x-generate": "commonjs h2x-generate",
    "h2x-parse": "commonjs h2x-parse",
    "h2x-plugin-jsx": "commonjs h2x-plugin-jsx",
    "h2x-traverse": "commonjs h2x-traverse",
    "h2x-types": "commonjs h2x-types",
    "handle-thing": "commonjs handle-thing",
    "handlebars": "commonjs handlebars",
    "har-schema": "commonjs har-schema",
    "har-validator": "commonjs har-validator",
    "harmony-reflect": "commonjs harmony-reflect",
    "has": "commonjs has",
    "has-ansi": "commonjs has-ansi",
    "has-flag": "commonjs has-flag",
    "has-symbols": "commonjs has-symbols",
    "has-unicode": "commonjs has-unicode",
    "has-value": "commonjs has-value",
    "has-values": "commonjs has-values",
    "hash-base": "commonjs hash-base",
    "hash.js": "commonjs hash.js",
    "hawk": "commonjs hawk",
    "he": "commonjs he",
    "hex-color-regex": "commonjs hex-color-regex",
    "hmac-drbg": "commonjs hmac-drbg",
    "hoek": "commonjs hoek",
    "home-or-tmp": "commonjs home-or-tmp",
    "homedir-polyfill": "commonjs homedir-polyfill",
    "hoopy": "commonjs hoopy",
    "hosted-git-info": "commonjs hosted-git-info",
    "hpack.js": "commonjs hpack.js",
    "hsl-regex": "commonjs hsl-regex",
    "hsla-regex": "commonjs hsla-regex",
    "html-comment-regex": "commonjs html-comment-regex",
    "html-encoding-sniffer": "commonjs html-encoding-sniffer",
    "html-entities": "commonjs html-entities",
    "html-minifier": "commonjs html-minifier",
    "html-webpack-plugin": "commonjs html-webpack-plugin",
    "htmlparser2": "commonjs htmlparser2",
    "http-deceiver": "commonjs http-deceiver",
    "http-errors": "commonjs http-errors",
    "http-parser-js": "commonjs http-parser-js",
    "http-proxy": "commonjs http-proxy",
    "http-proxy-middleware": "commonjs http-proxy-middleware",
    "http-signature": "commonjs http-signature",
    "https-browserify": "commonjs https-browserify",
    "iconv-lite": "commonjs iconv-lite",
    "icss-replace-symbols": "commonjs icss-replace-symbols",
    "icss-utils": "commonjs icss-utils",
    "identity-obj-proxy": "commonjs identity-obj-proxy",
    "ieee754": "commonjs ieee754",
    "iferr": "commonjs iferr",
    "ignore": "commonjs ignore",
    "ignore-walk": "commonjs ignore-walk",
    "immer": "commonjs immer",
    "import-cwd": "commonjs import-cwd",
    "import-from": "commonjs import-from",
    "import-lazy": "commonjs import-lazy",
    "import-local": "commonjs import-local",
    "imurmurhash": "commonjs imurmurhash",
    "indexes-of": "commonjs indexes-of",
    "indexof": "commonjs indexof",
    "inflight": "commonjs inflight",
    "inherits": "commonjs inherits",
    "ini": "commonjs ini",
    "inquirer": "commonjs inquirer",
    "internal-ip": "commonjs internal-ip",
    "invariant": "commonjs invariant",
    "invert-kv": "commonjs invert-kv",
    "ip": "commonjs ip",
    "ip-regex": "commonjs ip-regex",
    "ipaddr.js": "commonjs ipaddr.js",
    "is-absolute-url": "commonjs is-absolute-url",
    "is-accessor-descriptor": "commonjs is-accessor-descriptor",
    "is-arrayish": "commonjs is-arrayish",
    "is-binary-path": "commonjs is-binary-path",
    "is-buffer": "commonjs is-buffer",
    "is-builtin-module": "commonjs is-builtin-module",
    "is-callable": "commonjs is-callable",
    "is-ci": "commonjs is-ci",
    "is-color-stop": "commonjs is-color-stop",
    "is-data-descriptor": "commonjs is-data-descriptor",
    "is-date-object": "commonjs is-date-object",
    "is-descriptor": "commonjs is-descriptor",
    "is-directory": "commonjs is-directory",
    "is-dotfile": "commonjs is-dotfile",
    "is-equal-shallow": "commonjs is-equal-shallow",
    "is-extendable": "commonjs is-extendable",
    "is-extglob": "commonjs is-extglob",
    "is-finite": "commonjs is-finite",
    "is-fullwidth-code-point": "commonjs is-fullwidth-code-point",
    "is-generator-fn": "commonjs is-generator-fn",
    "is-glob": "commonjs is-glob",
    "is-installed-globally": "commonjs is-installed-globally",
    "is-npm": "commonjs is-npm",
    "is-number": "commonjs is-number",
    "is-obj": "commonjs is-obj",
    "is-object": "commonjs is-object",
    "is-path-cwd": "commonjs is-path-cwd",
    "is-path-in-cwd": "commonjs is-path-in-cwd",
    "is-path-inside": "commonjs is-path-inside",
    "is-plain-object": "commonjs is-plain-object",
    "is-posix-bracket": "commonjs is-posix-bracket",
    "is-primitive": "commonjs is-primitive",
    "is-promise": "commonjs is-promise",
    "is-redirect": "commonjs is-redirect",
    "is-regex": "commonjs is-regex",
    "is-regexp": "commonjs is-regexp",
    "is-resolvable": "commonjs is-resolvable",
    "is-retry-allowed": "commonjs is-retry-allowed",
    "is-root": "commonjs is-root",
    "is-stream": "commonjs is-stream",
    "is-svg": "commonjs is-svg",
    "is-symbol": "commonjs is-symbol",
    "is-typedarray": "commonjs is-typedarray",
    "is-utf8": "commonjs is-utf8",
    "is-windows": "commonjs is-windows",
    "is-wsl": "commonjs is-wsl",
    "isarray": "commonjs isarray",
    "isemail": "commonjs isemail",
    "isexe": "commonjs isexe",
    "isobject": "commonjs isobject",
    "isstream": "commonjs isstream",
    "istanbul-api": "commonjs istanbul-api",
    "istanbul-lib-coverage": "commonjs istanbul-lib-coverage",
    "istanbul-lib-hook": "commonjs istanbul-lib-hook",
    "istanbul-lib-instrument": "commonjs istanbul-lib-instrument",
    "istanbul-lib-report": "commonjs istanbul-lib-report",
    "istanbul-lib-source-maps": "commonjs istanbul-lib-source-maps",
    "istanbul-reports": "commonjs istanbul-reports",
    "jest": "commonjs jest",
    "jest-changed-files": "commonjs jest-changed-files",
    "jest-cli": "commonjs jest-cli",
    "jest-config": "commonjs jest-config",
    "jest-diff": "commonjs jest-diff",
    "jest-docblock": "commonjs jest-docblock",
    "jest-each": "commonjs jest-each",
    "jest-environment-jsdom": "commonjs jest-environment-jsdom",
    "jest-environment-node": "commonjs jest-environment-node",
    "jest-get-type": "commonjs jest-get-type",
    "jest-haste-map": "commonjs jest-haste-map",
    "jest-jasmine2": "commonjs jest-jasmine2",
    "jest-leak-detector": "commonjs jest-leak-detector",
    "jest-matcher-utils": "commonjs jest-matcher-utils",
    "jest-message-util": "commonjs jest-message-util",
    "jest-mock": "commonjs jest-mock",
    "jest-pnp-resolver": "commonjs jest-pnp-resolver",
    "jest-regex-util": "commonjs jest-regex-util",
    "jest-resolve": "commonjs jest-resolve",
    "jest-resolve-dependencies": "commonjs jest-resolve-dependencies",
    "jest-runner": "commonjs jest-runner",
    "jest-runtime": "commonjs jest-runtime",
    "jest-serializer": "commonjs jest-serializer",
    "jest-snapshot": "commonjs jest-snapshot",
    "jest-util": "commonjs jest-util",
    "jest-validate": "commonjs jest-validate",
    "jest-watcher": "commonjs jest-watcher",
    "jest-worker": "commonjs jest-worker",
    "joi": "commonjs joi",
    "js-levenshtein": "commonjs js-levenshtein",
    "js-tokens": "commonjs js-tokens",
    "js-yaml": "commonjs js-yaml",
    "jsbn": "commonjs jsbn",
    "jsdom": "commonjs jsdom",
    "jsesc": "commonjs jsesc",
    "json-parse-better-errors": "commonjs json-parse-better-errors",
    "json-schema": "commonjs json-schema",
    "json-schema-traverse": "commonjs json-schema-traverse",
    "json-stable-stringify": "commonjs json-stable-stringify",
    "json-stable-stringify-without-jsonify": "commonjs json-stable-stringify-without-jsonify",
    "json-stringify-safe": "commonjs json-stringify-safe",
    "json3": "commonjs json3",
    "json5": "commonjs json5",
    "jsonfile": "commonjs jsonfile",
    "jsonify": "commonjs jsonify",
    "jsprim": "commonjs jsprim",
    "jsx-ast-utils": "commonjs jsx-ast-utils",
    "killable": "commonjs killable",
    "kind-of": "commonjs kind-of",
    "klaw": "commonjs klaw",
    "kleur": "commonjs kleur",
    "last-call-webpack-plugin": "commonjs last-call-webpack-plugin",
    "latest-version": "commonjs latest-version",
    "lazy-cache": "commonjs lazy-cache",
    "lazy-req": "commonjs lazy-req",
    "lazystream": "commonjs lazystream",
    "lcid": "commonjs lcid",
    "left-pad": "commonjs left-pad",
    "leven": "commonjs leven",
    "levn": "commonjs levn",
    "load-json-file": "commonjs load-json-file",
    "loader-fs-cache": "commonjs loader-fs-cache",
    "loader-runner": "commonjs loader-runner",
    "loader-utils": "commonjs loader-utils",
    "locate-path": "commonjs locate-path",
    "lodash": "commonjs lodash",
    "lodash._reinterpolate": "commonjs lodash._reinterpolate",
    "lodash.camelcase": "commonjs lodash.camelcase",
    "lodash.debounce": "commonjs lodash.debounce",
    "lodash.difference": "commonjs lodash.difference",
    "lodash.flatten": "commonjs lodash.flatten",
    "lodash.memoize": "commonjs lodash.memoize",
    "lodash.sortby": "commonjs lodash.sortby",
    "lodash.tail": "commonjs lodash.tail",
    "lodash.template": "commonjs lodash.template",
    "lodash.templatesettings": "commonjs lodash.templatesettings",
    "lodash.union": "commonjs lodash.union",
    "lodash.uniq": "commonjs lodash.uniq",
    "loglevel": "commonjs loglevel",
    "loose-envify": "commonjs loose-envify",
    "lower-case": "commonjs lower-case",
    "lowercase-keys": "commonjs lowercase-keys",
    "lru-cache": "commonjs lru-cache",
    "make-dir": "commonjs make-dir",
    "makeerror": "commonjs makeerror",
    "mamacro": "commonjs mamacro",
    "map-age-cleaner": "commonjs map-age-cleaner",
    "map-cache": "commonjs map-cache",
    "map-visit": "commonjs map-visit",
    "math-random": "commonjs math-random",
    "md5.js": "commonjs md5.js",
    "mdn-data": "commonjs mdn-data",
    "media-typer": "commonjs media-typer",
    "mem": "commonjs mem",
    "memory-fs": "commonjs memory-fs",
    "merge": "commonjs merge",
    "merge-deep": "commonjs merge-deep",
    "merge-descriptors": "commonjs merge-descriptors",
    "merge-stream": "commonjs merge-stream",
    "merge2": "commonjs merge2",
    "methods": "commonjs methods",
    "micromatch": "commonjs micromatch",
    "miller-rabin": "commonjs miller-rabin",
    "mime": "commonjs mime",
    "mime-db": "commonjs mime-db",
    "mime-types": "commonjs mime-types",
    "mimic-fn": "commonjs mimic-fn",
    "mini-css-extract-plugin": "commonjs mini-css-extract-plugin",
    "minimalistic-assert": "commonjs minimalistic-assert",
    "minimalistic-crypto-utils": "commonjs minimalistic-crypto-utils",
    "minimatch": "commonjs minimatch",
    "minimist": "commonjs minimist",
    "minipass": "commonjs minipass",
    "minizlib": "commonjs minizlib",
    "mississippi": "commonjs mississippi",
    "mixin-deep": "commonjs mixin-deep",
    "mixin-object": "commonjs mixin-object",
    "mkdirp": "commonjs mkdirp",
    "module-not-found-error": "commonjs module-not-found-error",
    "move-concurrently": "commonjs move-concurrently",
    "ms": "commonjs ms",
    "multicast-dns": "commonjs multicast-dns",
    "multicast-dns-service-types": "commonjs multicast-dns-service-types",
    "mute-stream": "commonjs mute-stream",
    "nan": "commonjs nan",
    "nanomatch": "commonjs nanomatch",
    "natural-compare": "commonjs natural-compare",
    "ncp": "commonjs ncp",
    "needle": "commonjs needle",
    "negotiator": "commonjs negotiator",
    "neo-async": "commonjs neo-async",
    "nice-try": "commonjs nice-try",
    "no-case": "commonjs no-case",
    "node-forge": "commonjs node-forge",
    "node-int64": "commonjs node-int64",
    "node-libs-browser": "commonjs node-libs-browser",
    "node-notifier": "commonjs node-notifier",
    "node-pre-gyp": "commonjs node-pre-gyp",
    "node-releases": "commonjs node-releases",
    "nopt": "commonjs nopt",
    "normalize-package-data": "commonjs normalize-package-data",
    "normalize-path": "commonjs normalize-path",
    "normalize-range": "commonjs normalize-range",
    "normalize-url": "commonjs normalize-url",
    "npm-bundled": "commonjs npm-bundled",
    "npm-packlist": "commonjs npm-packlist",
    "npm-run-path": "commonjs npm-run-path",
    "npmlog": "commonjs npmlog",
    "nth-check": "commonjs nth-check",
    "num2fraction": "commonjs num2fraction",
    "number-is-nan": "commonjs number-is-nan",
    "nw-builder": "commonjs nw-builder",
    "nwsapi": "commonjs nwsapi",
    "oauth-sign": "commonjs oauth-sign",
    "object-assign": "commonjs object-assign",
    "object-copy": "commonjs object-copy",
    "object-hash": "commonjs object-hash",
    "object-keys": "commonjs object-keys",
    "object-visit": "commonjs object-visit",
    "object.assign": "commonjs object.assign",
    "object.getownpropertydescriptors": "commonjs object.getownpropertydescriptors",
    "object.omit": "commonjs object.omit",
    "object.pick": "commonjs object.pick",
    "object.values": "commonjs object.values",
    "obuf": "commonjs obuf",
    "on-finished": "commonjs on-finished",
    "on-headers": "commonjs on-headers",
    "once": "commonjs once",
    "onetime": "commonjs onetime",
    "opn": "commonjs opn",
    "optimist": "commonjs optimist",
    "optimize-css-assets-webpack-plugin": "commonjs optimize-css-assets-webpack-plugin",
    "optionator": "commonjs optionator",
    "original": "commonjs original",
    "os-browserify": "commonjs os-browserify",
    "os-homedir": "commonjs os-homedir",
    "os-locale": "commonjs os-locale",
    "os-tmpdir": "commonjs os-tmpdir",
    "osenv": "commonjs osenv",
    "p-defer": "commonjs p-defer",
    "p-finally": "commonjs p-finally",
    "p-is-promise": "commonjs p-is-promise",
    "p-limit": "commonjs p-limit",
    "p-locate": "commonjs p-locate",
    "p-map": "commonjs p-map",
    "p-try": "commonjs p-try",
    "package-json": "commonjs package-json",
    "pako": "commonjs pako",
    "parallel-transform": "commonjs parallel-transform",
    "param-case": "commonjs param-case",
    "parse-asn1": "commonjs parse-asn1",
    "parse-glob": "commonjs parse-glob",
    "parse-json": "commonjs parse-json",
    "parse-passwd": "commonjs parse-passwd",
    "parse5": "commonjs parse5",
    "parseurl": "commonjs parseurl",
    "pascalcase": "commonjs pascalcase",
    "path-browserify": "commonjs path-browserify",
    "path-dirname": "commonjs path-dirname",
    "path-exists": "commonjs path-exists",
    "path-is-absolute": "commonjs path-is-absolute",
    "path-is-inside": "commonjs path-is-inside",
    "path-key": "commonjs path-key",
    "path-parse": "commonjs path-parse",
    "path-to-regexp": "commonjs path-to-regexp",
    "path-type": "commonjs path-type",
    "pbkdf2": "commonjs pbkdf2",
    "pend": "commonjs pend",
    "performance-now": "commonjs performance-now",
    "pify": "commonjs pify",
    "pinkie": "commonjs pinkie",
    "pinkie-promise": "commonjs pinkie-promise",
    "pkg-dir": "commonjs pkg-dir",
    "pkg-up": "commonjs pkg-up",
    "platform-overrides": "commonjs platform-overrides",
    "plist": "commonjs plist",
    "pluralize": "commonjs pluralize",
    "pn": "commonjs pn",
    "pnp-webpack-plugin": "commonjs pnp-webpack-plugin",
    "portfinder": "commonjs portfinder",
    "posix-character-classes": "commonjs posix-character-classes",
    "postcss": "commonjs postcss",
    "postcss-attribute-case-insensitive": "commonjs postcss-attribute-case-insensitive",
    "postcss-calc": "commonjs postcss-calc",
    "postcss-color-functional-notation": "commonjs postcss-color-functional-notation",
    "postcss-color-hex-alpha": "commonjs postcss-color-hex-alpha",
    "postcss-color-mod-function": "commonjs postcss-color-mod-function",
    "postcss-color-rebeccapurple": "commonjs postcss-color-rebeccapurple",
    "postcss-colormin": "commonjs postcss-colormin",
    "postcss-convert-values": "commonjs postcss-convert-values",
    "postcss-custom-media": "commonjs postcss-custom-media",
    "postcss-custom-properties": "commonjs postcss-custom-properties",
    "postcss-custom-selectors": "commonjs postcss-custom-selectors",
    "postcss-dir-pseudo-class": "commonjs postcss-dir-pseudo-class",
    "postcss-discard-comments": "commonjs postcss-discard-comments",
    "postcss-discard-duplicates": "commonjs postcss-discard-duplicates",
    "postcss-discard-empty": "commonjs postcss-discard-empty",
    "postcss-discard-overridden": "commonjs postcss-discard-overridden",
    "postcss-env-function": "commonjs postcss-env-function",
    "postcss-flexbugs-fixes": "commonjs postcss-flexbugs-fixes",
    "postcss-focus-visible": "commonjs postcss-focus-visible",
    "postcss-focus-within": "commonjs postcss-focus-within",
    "postcss-font-variant": "commonjs postcss-font-variant",
    "postcss-gap-properties": "commonjs postcss-gap-properties",
    "postcss-image-set-function": "commonjs postcss-image-set-function",
    "postcss-initial": "commonjs postcss-initial",
    "postcss-lab-function": "commonjs postcss-lab-function",
    "postcss-load-config": "commonjs postcss-load-config",
    "postcss-loader": "commonjs postcss-loader",
    "postcss-logical": "commonjs postcss-logical",
    "postcss-media-minmax": "commonjs postcss-media-minmax",
    "postcss-merge-longhand": "commonjs postcss-merge-longhand",
    "postcss-merge-rules": "commonjs postcss-merge-rules",
    "postcss-minify-font-values": "commonjs postcss-minify-font-values",
    "postcss-minify-gradients": "commonjs postcss-minify-gradients",
    "postcss-minify-params": "commonjs postcss-minify-params",
    "postcss-minify-selectors": "commonjs postcss-minify-selectors",
    "postcss-modules-extract-imports": "commonjs postcss-modules-extract-imports",
    "postcss-modules-local-by-default": "commonjs postcss-modules-local-by-default",
    "postcss-modules-scope": "commonjs postcss-modules-scope",
    "postcss-modules-values": "commonjs postcss-modules-values",
    "postcss-nesting": "commonjs postcss-nesting",
    "postcss-normalize-charset": "commonjs postcss-normalize-charset",
    "postcss-normalize-display-values": "commonjs postcss-normalize-display-values",
    "postcss-normalize-positions": "commonjs postcss-normalize-positions",
    "postcss-normalize-repeat-style": "commonjs postcss-normalize-repeat-style",
    "postcss-normalize-string": "commonjs postcss-normalize-string",
    "postcss-normalize-timing-functions": "commonjs postcss-normalize-timing-functions",
    "postcss-normalize-unicode": "commonjs postcss-normalize-unicode",
    "postcss-normalize-url": "commonjs postcss-normalize-url",
    "postcss-normalize-whitespace": "commonjs postcss-normalize-whitespace",
    "postcss-ordered-values": "commonjs postcss-ordered-values",
    "postcss-overflow-shorthand": "commonjs postcss-overflow-shorthand",
    "postcss-page-break": "commonjs postcss-page-break",
    "postcss-place": "commonjs postcss-place",
    "postcss-preset-env": "commonjs postcss-preset-env",
    "postcss-pseudo-class-any-link": "commonjs postcss-pseudo-class-any-link",
    "postcss-reduce-initial": "commonjs postcss-reduce-initial",
    "postcss-reduce-transforms": "commonjs postcss-reduce-transforms",
    "postcss-replace-overflow-wrap": "commonjs postcss-replace-overflow-wrap",
    "postcss-safe-parser": "commonjs postcss-safe-parser",
    "postcss-selector-matches": "commonjs postcss-selector-matches",
    "postcss-selector-not": "commonjs postcss-selector-not",
    "postcss-selector-parser": "commonjs postcss-selector-parser",
    "postcss-svgo": "commonjs postcss-svgo",
    "postcss-unique-selectors": "commonjs postcss-unique-selectors",
    "postcss-value-parser": "commonjs postcss-value-parser",
    "postcss-values-parser": "commonjs postcss-values-parser",
    "prelude-ls": "commonjs prelude-ls",
    "prepend-http": "commonjs prepend-http",
    "preserve": "commonjs preserve",
    "prettier": "commonjs prettier",
    "pretty-bytes": "commonjs pretty-bytes",
    "pretty-error": "commonjs pretty-error",
    "pretty-format": "commonjs pretty-format",
    "private": "commonjs private",
    "process": "commonjs process",
    "process-nextick-args": "commonjs process-nextick-args",
    "progress": "commonjs progress",
    "promise": "commonjs promise",
    "promise-inflight": "commonjs promise-inflight",
    "prompts": "commonjs prompts",
    "prop-types": "commonjs prop-types",
    "proxy-addr": "commonjs proxy-addr",
    "proxyquire": "commonjs proxyquire",
    "prr": "commonjs prr",
    "pseudomap": "commonjs pseudomap",
    "psl": "commonjs psl",
    "public-encrypt": "commonjs public-encrypt",
    "pump": "commonjs pump",
    "pumpify": "commonjs pumpify",
    "punycode": "commonjs punycode",
    "q": "commonjs q",
    "qs": "commonjs qs",
    "querystring": "commonjs querystring",
    "querystring-es3": "commonjs querystring-es3",
    "querystringify": "commonjs querystringify",
    "raf": "commonjs raf",
    "randomatic": "commonjs randomatic",
    "randombytes": "commonjs randombytes",
    "randomfill": "commonjs randomfill",
    "range-parser": "commonjs range-parser",
    "raw-body": "commonjs raw-body",
    "rc": "commonjs rc",
    "rcedit": "commonjs rcedit",
    "react": "commonjs react",
    "react-app-polyfill": "commonjs react-app-polyfill",
    "react-dev-utils": "commonjs react-dev-utils",
    "react-dom": "commonjs react-dom",
    "react-error-overlay": "commonjs react-error-overlay",
    "read-pkg": "commonjs read-pkg",
    "read-pkg-up": "commonjs read-pkg-up",
    "readable-stream": "commonjs readable-stream",
    "readdirp": "commonjs readdirp",
    "realpath-native": "commonjs realpath-native",
    "recursive-readdir": "commonjs recursive-readdir",
    "recursive-readdir-sync": "commonjs recursive-readdir-sync",
    "regenerate": "commonjs regenerate",
    "regenerate-unicode-properties": "commonjs regenerate-unicode-properties",
    "regenerator-runtime": "commonjs regenerator-runtime",
    "regenerator-transform": "commonjs regenerator-transform",
    "regex-cache": "commonjs regex-cache",
    "regex-not": "commonjs regex-not",
    "regexpp": "commonjs regexpp",
    "regexpu-core": "commonjs regexpu-core",
    "registry-auth-token": "commonjs registry-auth-token",
    "registry-url": "commonjs registry-url",
    "regjsgen": "commonjs regjsgen",
    "regjsparser": "commonjs regjsparser",
    "relateurl": "commonjs relateurl",
    "remove-trailing-separator": "commonjs remove-trailing-separator",
    "renderkid": "commonjs renderkid",
    "repeat-element": "commonjs repeat-element",
    "repeat-string": "commonjs repeat-string",
    "repeating": "commonjs repeating",
    "request": "commonjs request",
    "request-promise-core": "commonjs request-promise-core",
    "request-promise-native": "commonjs request-promise-native",
    "require-directory": "commonjs require-directory",
    "require-from-string": "commonjs require-from-string",
    "require-main-filename": "commonjs require-main-filename",
    "require-uncached": "commonjs require-uncached",
    "requires-port": "commonjs requires-port",
    "resolve": "commonjs resolve",
    "resolve-cwd": "commonjs resolve-cwd",
    "resolve-dir": "commonjs resolve-dir",
    "resolve-from": "commonjs resolve-from",
    "resolve-url": "commonjs resolve-url",
    "restore-cursor": "commonjs restore-cursor",
    "ret": "commonjs ret",
    "rgb-regex": "commonjs rgb-regex",
    "rgba-regex": "commonjs rgba-regex",
    "rimraf": "commonjs rimraf",
    "ripemd160": "commonjs ripemd160",
    "rsvp": "commonjs rsvp",
    "run-async": "commonjs run-async",
    "run-queue": "commonjs run-queue",
    "rxjs": "commonjs rxjs",
    "safe-buffer": "commonjs safe-buffer",
    "safe-regex": "commonjs safe-regex",
    "safer-buffer": "commonjs safer-buffer",
    "sane": "commonjs sane",
    "sass-loader": "commonjs sass-loader",
    "sax": "commonjs sax",
    "saxes": "commonjs saxes",
    "scheduler": "commonjs scheduler",
    "schema-utils": "commonjs schema-utils",
    "select-hose": "commonjs select-hose",
    "selfsigned": "commonjs selfsigned",
    "semver": "commonjs semver",
    "semver-diff": "commonjs semver-diff",
    "send": "commonjs send",
    "serialize-javascript": "commonjs serialize-javascript",
    "serve-index": "commonjs serve-index",
    "serve-static": "commonjs serve-static",
    "set-blocking": "commonjs set-blocking",
    "set-value": "commonjs set-value",
    "setimmediate": "commonjs setimmediate",
    "setprototypeof": "commonjs setprototypeof",
    "sha.js": "commonjs sha.js",
    "shallow-clone": "commonjs shallow-clone",
    "shebang-command": "commonjs shebang-command",
    "shebang-regex": "commonjs shebang-regex",
    "shell-quote": "commonjs shell-quote",
    "shellwords": "commonjs shellwords",
    "signal-exit": "commonjs signal-exit",
    "simple-glob": "commonjs simple-glob",
    "simple-swizzle": "commonjs simple-swizzle",
    "sisteransi": "commonjs sisteransi",
    "slash": "commonjs slash",
    "slice-ansi": "commonjs slice-ansi",
    "snapdragon": "commonjs snapdragon",
    "snapdragon-node": "commonjs snapdragon-node",
    "snapdragon-util": "commonjs snapdragon-util",
    "sntp": "commonjs sntp",
    "sockjs": "commonjs sockjs",
    "sockjs-client": "commonjs sockjs-client",
    "source-list-map": "commonjs source-list-map",
    "source-map": "commonjs source-map",
    "source-map-resolve": "commonjs source-map-resolve",
    "source-map-support": "commonjs source-map-support",
    "source-map-url": "commonjs source-map-url",
    "spdx-correct": "commonjs spdx-correct",
    "spdx-exceptions": "commonjs spdx-exceptions",
    "spdx-expression-parse": "commonjs spdx-expression-parse",
    "spdx-license-ids": "commonjs spdx-license-ids",
    "spdy": "commonjs spdy",
    "spdy-transport": "commonjs spdy-transport",
    "split-string": "commonjs split-string",
    "sprintf-js": "commonjs sprintf-js",
    "sshpk": "commonjs sshpk",
    "ssri": "commonjs ssri",
    "stable": "commonjs stable",
    "stack-utils": "commonjs stack-utils",
    "static-extend": "commonjs static-extend",
    "statuses": "commonjs statuses",
    "stealthy-require": "commonjs stealthy-require",
    "stream-browserify": "commonjs stream-browserify",
    "stream-each": "commonjs stream-each",
    "stream-http": "commonjs stream-http",
    "stream-shift": "commonjs stream-shift",
    "string-length": "commonjs string-length",
    "string-width": "commonjs string-width",
    "string_decoder": "commonjs string_decoder",
    "stringify-object": "commonjs stringify-object",
    "stringstream": "commonjs stringstream",
    "strip-ansi": "commonjs strip-ansi",
    "strip-bom": "commonjs strip-bom",
    "strip-comments": "commonjs strip-comments",
    "strip-eof": "commonjs strip-eof",
    "strip-json-comments": "commonjs strip-json-comments",
    "style-loader": "commonjs style-loader",
    "stylehacks": "commonjs stylehacks",
    "supports-color": "commonjs supports-color",
    "svgo": "commonjs svgo",
    "symbol-tree": "commonjs symbol-tree",
    "table": "commonjs table",
    "tapable": "commonjs tapable",
    "tar": "commonjs tar",
    "tar-fs": "commonjs tar-fs",
    "tar-stream": "commonjs tar-stream",
    "temp": "commonjs temp",
    "term-size": "commonjs term-size",
    "terser": "commonjs terser",
    "terser-webpack-plugin": "commonjs terser-webpack-plugin",
    "test-exclude": "commonjs test-exclude",
    "text-table": "commonjs text-table",
    "thenify": "commonjs thenify",
    "throat": "commonjs throat",
    "through": "commonjs through",
    "through2": "commonjs through2",
    "thunky": "commonjs thunky",
    "timed-out": "commonjs timed-out",
    "timers-browserify": "commonjs timers-browserify",
    "timsort": "commonjs timsort",
    "tmp": "commonjs tmp",
    "tmpl": "commonjs tmpl",
    "to-arraybuffer": "commonjs to-arraybuffer",
    "to-buffer": "commonjs to-buffer",
    "to-fast-properties": "commonjs to-fast-properties",
    "to-object-path": "commonjs to-object-path",
    "to-regex": "commonjs to-regex",
    "to-regex-range": "commonjs to-regex-range",
    "topo": "commonjs topo",
    "tough-cookie": "commonjs tough-cookie",
    "tr46": "commonjs tr46",
    "trim-right": "commonjs trim-right",
    "tryer": "commonjs tryer",
    "tslib": "commonjs tslib",
    "tty-browserify": "commonjs tty-browserify",
    "tunnel-agent": "commonjs tunnel-agent",
    "tweetnacl": "commonjs tweetnacl",
    "type-check": "commonjs type-check",
    "type-is": "commonjs type-is",
    "typedarray": "commonjs typedarray",
    "uglify-es": "commonjs uglify-es",
    "uglify-js": "commonjs uglify-js",
    "uglifyjs-webpack-plugin": "commonjs uglifyjs-webpack-plugin",
    "unicode-canonical-property-names-ecmascript": "commonjs unicode-canonical-property-names-ecmascript",
    "unicode-match-property-ecmascript": "commonjs unicode-match-property-ecmascript",
    "unicode-match-property-value-ecmascript": "commonjs unicode-match-property-value-ecmascript",
    "unicode-property-aliases-ecmascript": "commonjs unicode-property-aliases-ecmascript",
    "union-value": "commonjs union-value",
    "uniq": "commonjs uniq",
    "uniqs": "commonjs uniqs",
    "unique-filename": "commonjs unique-filename",
    "unique-slug": "commonjs unique-slug",
    "unique-string": "commonjs unique-string",
    "universalify": "commonjs universalify",
    "unpipe": "commonjs unpipe",
    "unquote": "commonjs unquote",
    "unset-value": "commonjs unset-value",
    "unzip-response": "commonjs unzip-response",
    "upath": "commonjs upath",
    "update-notifier": "commonjs update-notifier",
    "upper-case": "commonjs upper-case",
    "uri-js": "commonjs uri-js",
    "urix": "commonjs urix",
    "url": "commonjs url",
    "url-loader": "commonjs url-loader",
    "url-parse": "commonjs url-parse",
    "url-parse-lax": "commonjs url-parse-lax",
    "use": "commonjs use",
    "util": "commonjs util",
    "util-deprecate": "commonjs util-deprecate",
    "util.promisify": "commonjs util.promisify",
    "utila": "commonjs utila",
    "utils-merge": "commonjs utils-merge",
    "uuid": "commonjs uuid",
    "validate-npm-package-license": "commonjs validate-npm-package-license",
    "vary": "commonjs vary",
    "vendors": "commonjs vendors",
    "verror": "commonjs verror",
    "vm-browserify": "commonjs vm-browserify",
    "w3c-hr-time": "commonjs w3c-hr-time",
    "w3c-xmlserializer": "commonjs w3c-xmlserializer",
    "walker": "commonjs walker",
    "watch": "commonjs watch",
    "watchpack": "commonjs watchpack",
    "wbuf": "commonjs wbuf",
    "webidl-conversions": "commonjs webidl-conversions",
    "webpack": "commonjs webpack",
    "webpack-dev-middleware": "commonjs webpack-dev-middleware",
    "webpack-dev-server": "commonjs webpack-dev-server",
    "webpack-log": "commonjs webpack-log",
    "webpack-manifest-plugin": "commonjs webpack-manifest-plugin",
    "webpack-sources": "commonjs webpack-sources",
    "websocket-driver": "commonjs websocket-driver",
    "websocket-extensions": "commonjs websocket-extensions",
    "whatwg-encoding": "commonjs whatwg-encoding",
    "whatwg-fetch": "commonjs whatwg-fetch",
    "whatwg-mimetype": "commonjs whatwg-mimetype",
    "whatwg-url": "commonjs whatwg-url",
    "which": "commonjs which",
    "which-module": "commonjs which-module",
    "wide-align": "commonjs wide-align",
    "widest-line": "commonjs widest-line",
    "winresourcer": "commonjs winresourcer",
    "wordwrap": "commonjs wordwrap",
    "workbox-background-sync": "commonjs workbox-background-sync",
    "workbox-broadcast-cache-update": "commonjs workbox-broadcast-cache-update",
    "workbox-build": "commonjs workbox-build",
    "workbox-cache-expiration": "commonjs workbox-cache-expiration",
    "workbox-cacheable-response": "commonjs workbox-cacheable-response",
    "workbox-core": "commonjs workbox-core",
    "workbox-google-analytics": "commonjs workbox-google-analytics",
    "workbox-navigation-preload": "commonjs workbox-navigation-preload",
    "workbox-precaching": "commonjs workbox-precaching",
    "workbox-range-requests": "commonjs workbox-range-requests",
    "workbox-routing": "commonjs workbox-routing",
    "workbox-strategies": "commonjs workbox-strategies",
    "workbox-streams": "commonjs workbox-streams",
    "workbox-sw": "commonjs workbox-sw",
    "workbox-webpack-plugin": "commonjs workbox-webpack-plugin",
    "worker-farm": "commonjs worker-farm",
    "wrap-ansi": "commonjs wrap-ansi",
    "wrappy": "commonjs wrappy",
    "write": "commonjs write",
    "write-file-atomic": "commonjs write-file-atomic",
    "ws": "commonjs ws",
    "xdg-basedir": "commonjs xdg-basedir",
    "xml-name-validator": "commonjs xml-name-validator",
    "xmlbuilder": "commonjs xmlbuilder",
    "xmlchars": "commonjs xmlchars",
    "xmldom": "commonjs xmldom",
    "xregexp": "commonjs xregexp",
    "xtend": "commonjs xtend",
    "y18n": "commonjs y18n",
    "yallist": "commonjs yallist",
    "yargs": "commonjs yargs",
    "yargs-parser": "commonjs yargs-parser",
    "yauzl": "commonjs yauzl",
    "zip-stream": "commonjs zip-stream"
  }
}